[  000000]nializing cgrupsuys cse
[   0.000000] Initializing cgroup subsys cpu
[    0.000000] Initializing cgroup subsys cpuacct
[    0.000000] Linux version 4.4.0-119-generic (buildd@lcy01-amd64-013) (gcc version 5.4.0 20160609 (Ubuntu 5.4.0-6ubuntu1~16.04.9) ) #143-Ubuntu SMP Mon Apr 2 16:08:24 UTC 2018 (Ubuntu 4.4.0-119.143-generic 4.414)
[    0.000000] Command line: BOOT_IMAGE=/boot/vmlinuz-4.4.0-119-generic root=LABEL=cloudimg-rootfs ro console=tty1 console=ttyS0
[    0.000000] KERNEL supported cpus:
[    0.000000]   Intel GenuineIntel
[    0.000000]   AMD AuthenticAMD
[    0.000000]   Centaur CentaurHauls
[    0.000000] x86/fpu: xstate_offset[2]:  576, xstate_sizes[2]:  256
[    0.000000] x86/fpu: Supporting XSAVE feature 0x01: 'x87 floating point registers'
[    0.000000] x86/fpu: Supporting XSAVE feature 0x02: 'SSE registers'
[    0.000000] x86/fpu: Supporting XSAVE feature 0x04: 'AVX registers'
[    0.000000] x86/fpu: Enabled xstate features 0x7, context size is 832 bytes, using 'standard' format.
[    0.000000] x86/fpu: Using 'lazy' FPU context switches.
[    0.000000] e820: BIOS-provided physical RAM map:
[    0.000000] BIOS-e820: [mem 0x0000000000000000-0x000000000009fbff] usable
[    0.000000] BIOS-e820: [mem 0x000000000009fc00-0x000000000009ffff] reserved
[    0.000000] BIOS-e820: [mem 0x00000000f000-0x00000000000fffff] reserved
[    0.000000] BIOS-e820: [mem 0x0000000000100000-0x000000003feff]usab
  0.0000] OS-e0:me 0x000003ff0000x000003ffff ACPI daa    0.00] BIS-82: em 0000000fec0000x000000c0ff rseed
[    .000] BIOS-e80:[m 000000000fee00000-0x00000000fee00fff] reserved
[    0.000000] BIOS-e820: [mem 0x00000000fffc0000-0x00000000ffffffff] reserved
[    0.000000] NX (Execute Disable) protection: active
[    0.000000] SMBIOS 2.5 present.
[    0.000000] Hypervisor detected: KVM
[    0.000000] e820: last_pfn = 0x3fff0 max_arch_pfn = 0x400000000
[    0.000000] MTRR: Disabled
[    0.000000] x86/PAT: MTRRs disabled, skipping PAT initialization too.
[    0.000000] CPU MTRRs all blank - virtualized system.
[    0.000000] x86/PAT: Configuration [0-7]: WB  WT  UC- UC  WB  WT  UC- UC  
[    0.000000] found SMP MP-table at [mem 0x0009fff0-0x0009ffff] mapped at [ffff88000009fff0]
[    0.000000] Scanning 1 areas for low memory corruption
[    0.000000] RAMDISK: [me0x61e0000x0fff]
[  000000] APIEay tablchksum verfitin disaed
[    .0000]ACPI RP x00000000000 0004 v0 VBOX 
   00000] ACI: XSD 0000003FF0300003C (01BO   VBOSD000000 A  000061
[    0.000000] ACPI: FACP 0x000000003FFF00F0 0000F4 (v04 VBOX   VBOXFACP 00000001 ASL  00000061)
[    0.000000] ACPI: DSDT 0x000000003FFF0470 0021FF (v02 VBOX   VBOXBIOS 00000002 INTL 20160108
[   0.000] APIFAS 0x00003FF0200 000
[  0.0000 ACPI:FA 0000000FF200 0004
[   0.000] ACPI AIC0x000003F0240 00C (v02 VBO  BOAPIC 00001ASL 00001)
[   0.000] APISST 0x000003FF02A000CC(v01 VBO  BOCPUT 00002INTL 21610
[   .000] No NA oniguratonoud
[   0.000] Fakng nde at emx000000000000-0x0000ffeffff]
[    0.000000] NODE_DATA(0) alocted [mem0xfe000-0xfeff]
[    0.000000] kvm-clock: Using msrs 4b564d01 and 4b564d00
[    0.000000] kvm-clock: cpu 0, msr 0:3ffe3001, primary cpu clock
[    0.000000] kvm-clock: using sched offset of 3042396890 cycles
[    0.000000] clocksource: kvm-clock: mask: 0xffffffffffffffff max_cycles: 0x1cd42e4dffb, max_idle_ns: 881590591483 ns
[    0.000000] Zone ranges:
[    0.000000]   DMA      [mem 0x0000000000001000-0x0000000000ffffff]
[    0.000000]   DMA32    [mem 0x0000000001000000-0x000000003ffeffff]
[    0.000000]   Normal   empty
[    0.000000]   Device   empty
[    0.000000] Movable zone start for each node
[    0.000000] Early memory node ranges
[    0.000000]   node   0: [mem 0x0000000000001000-0000000009ef]
[  0.0000   nod  : mem 0x00000010000-00000003ffff]
[   00000] Intmm tup noe [mm 0x0000000010-000000003efff
[   0.000000] ACPI: PM-Timer IO Port: 0x4008
[    0.000000] IOAPIC[0]: apic_id 2, version 32, address 0xfec00000, GSI 0-23
[    0.000000] ACPI: INT_SRC_OVR (bus 0 bus_irq 0 global_irq 2 dfl dfl)
[    0.000000] ACP INT_SRC_OVR (bus 0 bus_irq 9 global_irq 9 low level)
[    0.000000] Using ACPI (MADT) for SMP configuration information
[    0.000000] smpboot: Allowing 2 CPUs, 0 hotplug CPUs
[    0.000000] PM: Registered nosave memory: [mem 0x00000000-0x00000fff]
[    0.000000] PM: Registered nosave memory: [mem 0x0009f000-0x0009ffff]
[    0.000000] PM: Registered nosave memory: [mem 0x000a0000-0x000effff]
[    0.000000] PM: Registered nosave memory: [mem 0x000f0000-0x000fffff]
[    0.000000] e820: [mem 0x40000000-0xfebfffff] available for PCI devices
[    0.000000] Booting paravirtualized kernel on KVM
[    0.000000] clocksource: refined-jiffies: mask: 0xffffffff max_cycles: 0xffffffff, max_idle_ns: 7645519600211568 ns
[    0.000000] setup_percpu: NR_CPUS:512 nr_cpumask_bits:512 nr_cpu_ids:2 nr_node_ids:1
[    0.000000] PERCPU: Embedded 34 pages/cpu @ffff88003fc00000 s99544 r8192 d31528 u1048576
[    0.000000] PV qspinlock hash table entries: 256 (order: 0, 4096 bytes)
[    0.000000] Built 1 zonelists in Node order, mobility grouping on.  Total pages: 257912
[    0.000000] Policy zone: DMA32
[    0.000000] Kernel command line: BOOT_IMAGE=/boot/vmlinuz-4.4.0-119-generic root=LABEL=cloudimg-rootfs ro console=tty1 console=ttyS0
[    0.000000] PID hash table entries: 4096 (order: 3, 32768 bytes)
[    0.000000] Memory: 997192K/1048120K available (8532K kernel code, 1313K rwdata, 3996K rodata, 1508K init, 1316K bss, 50928K reserved, 0K cma-reserved)
[    0.000000] SLUB: HWalign=64, Order=0-3, MinObjects=0, CPUs=2, Nodes=1
[    0.000000] Kernel/User page tables isolation: enabled
[    0.000000] Hierarchical RCU implementation.
[    0.000000] 	Build-time adjustment of leaf fanout to 64.
[    0.000000] 	RCU restricting CPUs from NR_CPUS=512 to nr_cpu_ids=2.
[    0.000000] RCU: Adjusting geometry for rcu_fanout_leaf=64, nr_cpu_ids=2
[    0.000000] NR_IRQS:33024 nr_irqs:440 16
[    0.000000] Console: colour VGA+ 80x25
[    0.000000] console [tty1] enabled
[    0.000000] console [ttyS0] enabled
[    0.000000] tsc: Detected 2207.972 MHz processor
[    4.873210] Calibrating delay loop (skipped) preset value.. 4415.94 BogoMIPS (lpj=8831888)
[    4.874345] pid_max: default: 32768 minimum: 301
[    4.874953] ACPI: Core revision 20150930
[    4.876300] ACPI: 2 ACPI AML tables successfully acquired and loaded
[    4.877195] Security Framework initialized
[    4.877756] Yama: becoming mindful.

[    4.878322] AppArmor: AppArmor initialized
[    4.878942] Dentry cache hash table entries: 131072 (order: 8, 1048576 bytes)
[    4.880234] Inode-cache hash table entries: 65536 (order: 7, 524288 bytes)
[    5.016688] Mount-cache hash table entries: 2048 (order: 2, 16384 bytes)
[    5.162021] Mountpoint-cache hash table entries: 2048 (order: 2, 16384 bytes)
[    5.309010] Initializing cgroup subsys io
[    5.388353] Initializing cgroup subsys memory
[    5.478742] Initializing cgroup subsys devices
[    5.565711] Initializing cgroup subsys freezer
[    5.659557] Initializing cgroup subsys net_cls
[    5.755411] Initializing cgroup subsys perf_event
[    5.856523] Initializing cgroup subsys net_prio
[    5.953787] Initializing cgroup subsys hugetlb
[    6.060377] Initializing cgroup subsys pids
[    6.152613] CPU: Physical Processor ID: 0
[    6.237600] CPU: Processor Core ID: 0
[    6.313803] FEATURE SPEC_CTRL Not Present
[    6.406429] mce: CPU supports 0 MCE banks
[    6.450404] Last level iTLB entries: 4KB 64, 2MB 8, 4MB 8
[    6.451082] Last level dTLB entries: 4KB 64, 2MB 0, 4MB 0, 1GB 4
[    6.451813] Spectre V2 mitigation: Mitigation: Full generic retpoline
[    6.452581] Spectre V2 mitigation: Speculation control IBPB not-supported IBRS not-supported
[    6.453531] Spectre V2 mitigation: Filling RSB on context switch
[    6.456157] Freeing SMP alternatives memory: 32K
[    6.463560] ftrace: allocating 32195 entries in 126 pages
[    6.544293] smpboot: APIC(0) Converting physical 0 to logical package 0
[    6.676853] smpboot: Max logical packages: 1
[    6.773239] x2apic enabled
[    6.838074] Switched APIC routing toophysical x2apic.
[    6.941723] ..TIMER: vector=0x30 apic1=0 pin1=2 apic2=-1 pin2=-1
[    7.204464] smpboot: CPU0: Intel(R) Core(TM) i5-7260U CPU @ 2.20GHz (family: 0x6, model: 0x8e, stepping: 0x9)
[    7.408523] Performance Events: unsupported p6 CPU model 142 no PMU driver, software events only.
[    7.534052] KVM setup paravirtual spinlock
[    7.535208] x86: Booting SMP configuration:
[    7.535785] .... node  #0, CPUs:      #1
[    7.536433] kvm-clock: cpu 1, msr 0:3ffe3041, secondary cpu clock
[    7.548168] mce: CPU supports 0 MCE banks
[    7.550704] x86: Booted up 1 node, 2 CPUs
[    7.584402] smpboot: Total of 2 processors activated (8831.88 BogoMIPS)
[    7.605006] devtmpfs: initialized
[    7.643762] evm: security.selinux
[    7.676920] evm: security.SMACK64
[    7.706685] evm: security.SMACK64EXEC
[    7.755204] evm: security.SMACK64TRANSMUTE
[    7.832473] evm: security.SMACK64MMAP
[    7.832997] evm: security.ima
[    7.833459] evm: security.capability
[    7.834129] clocksource: jiffies: mask: 0xffffffff max_cycles: 0xffffffff, max_idle_ns: 7645041785100000 ns
[    7.835360] futex hash table entries: 512 (order: 3, 32768 bytes)
[    7.836198] pinctrl core: initialized pinctrl subsystem
[    7.836951] RTC time:  9:11:55, date: 04/20/18
[    7.837664] NET: Registered protocol family 16
[    7.848142] cpuidle: using governor ladder
[    7.860228] cpuidle: using governor menu
[    7.931840] PCCT header not found.
[    7.999164] ACPI: bus type PCI registered
[    7.999724] acpiphp: ACPI Hot Plug PCI Controller Driver version: 0.5
[    8.022683] PCI::Using configuration type 1 for base access
[    8.137231] ACPI: Added _OSI(Module Device)
[    8.144362] ACPI: Added _OSI(Processor Device)
[    8.145024] ACPI: Added _OSI(3.0 _SCP Extensions)
[    8.145704] ACPI: Added _OSI(Processor Aggregator Device)
[    8.147027] ACPI: Executed 1 blocks of module-level executable AML code
[    8.149667] ACPI: Interpreter enabled
[    8.152428] ACPI: (supports S0 S5)
[    8.153000] ACPI: Using IOAPIC for interrupt routing
[    8.153855] PCI: Using host bridge windows from ACPI; if necessary, use "pci=nocrs" and report a bug
[    8.157847] ACPI: PCI Root Bridge [PCI0] (domain 0000 [bus 00-ff])
[    8.161331] acpi PNP0A03:00: _OSC: OS supports [ASPM ClockPM Segments MSI]
[    8.162279] acpi PNP0A03:00: _OSC: not requesting OS control; OS requires [ExtendedConfig ASPM ClockPM MSI]
[    8.163676] acpi PNP0A03:00: fail to add MMCONFIG information, can't access extended PCI configuration space under this bridge.
[    8.165428] PCI host bridge to bus 0000:00
[    8.166072] pci_bus 0000:00: root bus resource [io  0x0000-0x0cf7 window]
[    8.166965] pci_bus 0000:00: root bus resource [io  0x0d00-0xffff window]
[    8.167857] pci_bus 0000:00: root bus resource [mem 0x000a0000-0x000bffff window]
[    8.169006] pci_bus 0000:00: root bus resource [mem 0x40000000-0xfdffffff window]]
[    8.273211] pci_bus 0000:00: root bus resource [bus 00-ff]
[    8.385582] pci 0000:00:01.1: legacy IDE quirk: reg 0x10: [io  0x01f0-0x01f7]
[    8.386433] pci 0000:00:01.1: legacy IDE quirk: reg 0x14: [io  0x03f6]
[    8.394782] pci 0000:00:01.1: legacy IDE quirk: reg 0x18: [io  0x0170-0x0177]
[    8.540807] pci 0000:00:01.1: legacy IDE quirk: reg 0x1c: [io  0x0376]
[    8.555005] pci 0000:00:07.0: quirk: [io  0x4000-0x403f] claimed by PIIX4 ACPI
[    8.560677] pci 0000:00:07.0: quirk: [io  0x4100-0x410f] claimed by PIIX4 SMB
[    8.569048] ACPI: PCI Interrupt Link [LNKA] (IRQs 5 9 10 *11)
[    8.635106] ACPI: PCI Interrupt Link [LNKB] (IRQs 5 9 *10 11)
[    8.728323] ACPI: PCI Interrupt Link [LNKC] (IRQs 5 *9 10 11)
[    8.829364] ACPI: PCI Interrupt Link [LNKD] (IRQs 5 9 10 *11)
[    8.912495] ACPI: Enabled 2 GPEs in block 00 to 07
[    8.913445] vgaarb: setting as boot device: PCI:0000:00:02.0
[    9.001619] vgaarb: device added: PCI:0000:00:02.0,decodes=io+mem,owns=io+mem,locks=none
[    9.002720] vgaarb: loaded
[    9.003162] vgaarb: bridge control possible 0000:00:02.0
[    9.005205] SCSI subsystem initialized
[    9.005842] ACPI: bus type USB registered
[    9.006427] usbcore: registered new interface driver usbfs
[    9.007119] usbcore: registered new interface driver hub
[    9.007815] usbcore: registered new device driver usb
[    9.008961] PCI: Using ACPI for IRQ routing
[    9.013436] NetLabel: Initializing
[    9.074419] NetLabel:  domain hash size = 128
[    9.172894] NetLabel:  protocols = UNLABELED CIPSOv4
[    9.278589] NetLabel:  unlabeled traffic allowed by default
[    9.393641] amd_nb: Cannot enumerate AMD northbridges
[    9.499403] clocksource: Switched to clocksource kvm-clock
[    9.626240] AppArmor: ApAorilysm able
  9.006]pn P AI it[  13243pn P AI:oud deics
[   10.795004] clocksource: acpi_pm: mask: 0xffffff max_cycles: 0xffffff, max_idle_ns: 2085701024 ns
[   10.810442] NET: Registered protocol family 2
[   10.909710] TCP established hash table entries: 8192 (order: 4, 65536 bytes)
[   10.930078] TCP bind hash table entries: 8192 (order: 5, 131072 bytes)
[   10.930903] TCP: Hash tables configured (established 8192 bind 8192)
[   10.931680] UDP hash table entries: 512 (order: 2, 16384 bytes)
[   10.932420] UDP-Lite hash table entries: 512 (order: 2, 16384 bytes)
[   10.933215] NET: Registered protocol family 1
[   10.933816] pci 0000:00:00.0: Limiting direct PCI/PCI transfers
[   10.934564] pci 0000:00:01.0: Activating ISA DMA hang workarounds
[   10.935403] Unpacking initramfs...
[   11.130154] Freeing initrd memory: 15332K
[   11.150150] platform rtc_cmos: registered platform RTC device (no PNP device found)
[   11.151567] Scanning for low memory corruption every 60 seconds
[   11.152916] audit: initializing netlink subsys (disabled)
[   11.153826] audit: type=2000 audit(1524215515.153:1): initialized
[   11.155088] Initialise system trusted keyring
[   11.156027] HugeTLB registered 2 MB page size, pre-allocated 0 pages
[   11.158528] zbud: loaded
[   11.159453] VFS: Disk quotas dquot_6.6.0
[   11.160224] VFS: Dquot-cache hash table entries: 512 (order 0, 4096 bytes)
[   11.161560] squashfs: version 4.0 (2009/01/31) Phillip Lougher
[   11.162779] fuse init (API version 7.23)
[   11.163632] Key type big_key registered
[   11.164385] Allocating IMA MOK and blacklist keyrings.
[   11.165929] Key type asymmetric registered
[   11.166685] Asymmetric key parser 'x509' registered
[   11.167561] Block layer SCSI generic (bsg) driver version 0.4 loaded (major 249)
[   11.168983] io scheduler noop registered
[   11.169715] io scheduler deadline registered (default)
[   11.171287] io scheduler cfq registered
[   11.172773] pci_hotplug: PCI Hot Plug PCI Core version: 0.5
[   11.174111] pciehp: PCI Express Hot Plug Controller Driver version: 0.4
[   11.175150] ACPI: AC Adapter [AC] (on-line)
[   11.175798] input: Power Button as /devices/LNXSYSTM:00/LNXPWRBN:00/input/input0
[   11.176817] ACPI: Power Button [PWRF]
[   11.177392] input: Sleep Button as /devices/LNXSYSTM:00/LNXSLPBN:00/input/input1
[   11.178414] ACPI: Sleep Button [SLPF]
[   11.179080] GHES: HEST is not enabled!
[   11.209854] Serial: 8250/16550 driver, 32 ports, IRQ sharing enabled
[   11.233662] 00:02: ttyS0 at I/O 0x3f8 (irq = 4, base_baud = 115200) is a 16550A
[   11.251127] Linux agpgart interface v0.103
[   11.253242] loop: module loaded
[   11.270177] scsi host0: ata_piix
[   11.272881] scsi host1: ata_piix
[   11.273402] ata1: PATA max UDMA/33 cmd 0x1f0 ctl 0x3f6 bmdma 0xd000 irq 14
[   11.274222] ata2: PATA max UDMA/33 cmd 0x170 ctl 0x376 bmdma 0xd008 irq 15
[   11.275126] libphy: Fixed MDIO Bus: probed
[   11.278370] tun: Universal TUN/TAP device driver, 1.6
[   11.279019] tun: (C) 1999-2004 Max Krasnyansky <maxk@qualcomm.com>
[   11.309852] PPP generic driver version 2.4.2
[   11.310493] ehci_hcd: USB 2.0 'Enhanced' Host Controller (EHCI) Driver
[   11.312780] ehci-pci: EHCI PCI platform driver
[   11.313387] ehci-platform: EHCI generic platform driver
[   11.314064] ohci_hcd: USB 1.1 'Open' Host Controller (OHCI) Driver
[   11.314813] ohci-pci: OHCI PCI platform driver
[   11.319833] ohci-platform: OHCI generic platform driver
[   11.320505] uhci_hcd: USB Universal Host Controller Interface driver
[   11.321318] i8042: PNP: PS/2 Controller [PNP0303:PS2K,PNP0f03:PS2M] at 0x60,0x64 irq 1,12
[   11.322818] serio: i8042 KBD port at 0x60,0x64 irq 1
[   11.323465] serio: i8042 AUX port at 0x60,0x64 irq 12
[   11.324211] mousedev: PS/2 mouse device common for all mice
[   11.325260] input: AT Translated Set 2 keyboard as /devices/platform/i8042/serio0/input/input2
[   11.326520] rtc_cmos rtc_cmos: rtc core: registered rtc_cmos as rtc0
[   11.327324] rtc_cmos rtc_cmos: alarms up to one day, 114 bytes nvram
[   11.328117] i2c /dev entries driver
[   11.328673] device-mapper: uevent: version 1.0.3
[   11.329349] device-mapper: ioctl: 4.34.0-ioctl (2015-10-28) initialised: dm-devel@redhat.com
[   11.330481] ledtrig-cpu: registered to indicate activity on CPUs
[   11.331545] NET: Registered protocol family 10
[   11.339064] NET: Registered protocol family 17
[   11.339671] Key type dns_resolver registered
[   11.340475] registered taskstats version 1
[   11.341083] Loading compiled-in X.509 certificates
[   11.342187] Loaded X.509 cert 'Build time autogenerated kernel key: f854e06633b5f496ced5b2e02c7b14f761b69302'
[   11.343436] zswap: loaded using pool lzo/zbud
[   11.345470] Key type trusted registered
[   11.351893] Key type encrypted registered
[   11.358585] AppArmor: AppArmor sha1 policy hashing enabled
[   11.359275] ima: No TPM chip found, activating TPM-bypass!
[   11.359988] evm: HMAC attrs: 0x1
[   11.360780]   Magic number: 14:60:172
[   11.361382] rtc_cmos rtc_cmos: setting system clock to 2018-04-20 09:11:59 UTC (1524215519)
[   11.365182] BIOS EDD facility v0.16 2004-Jun-25, 0 devices found
[   11.365937] EDD information not available.
[   11.428599] Freeing unused kernel memory: 1508K
[   11.439945] Write protecting the kernel read-only data: 14336k
[   11.441237] Freeing unused kernel memory: 1696K
[   11.442113] Freeing unused kernel memory: 100K
Loading, please [   11.460132] random: systemd-udevd: uninitialized urandom read (16 bytes read, 3 bits of entropy available)
wait...
starting version 229
[   11.460656] random: udevadm: uninitialized urandom read (16 bytes read, 3 bits of entropy available)
[   11.460671] random: udevadm: uninitialized urandom read (16 bytes read, 3 bits of entropy available)
[   11.466733] random: udevadm: uninitialized urandom read (16 bytes read, 3 bits of entropy available)
[   11.466767] random: udevadm: uninitialized urandom read (16 bytes read, 3 bits of entropy available)
[   11.466870] random: udevadm: uninitialized urandom read (16 bytes read, 3 bits of entropy available)
[   11.466908] random: udevadm: uninitialized urandom read (16 bytes read, 3 bits of entropy available)
[   11.466945] random: udevadm: uninitialized urandom read (16 bytes read, 3 bits of entropy available)
[   11.466981] random: udevadm: uninitialized urandom read (16 bytes read, 3 bits of entropy available)
[   11.467019] random: udevadm: uninitialized urandom read (16 bytes read, 3 bits of entropy available)
[   11.513240] e1000: Intel(R) PRO/1000 Network Driver - version 7.3.21-k8-NAPI
[   11.523945] e1000: Copyright (c) 1999-2006 Intel Corporation.
[   11.525418] Fusion MPT base driver 3.04.20
[   11.528089] Copyright (c) 1999-2008 LSI Corporation
[   11.531700] Fusion MPT SPI Host driver 3.04.20
[   11.549977] AVX2 version of gcm_enc/dec engaged.
[   11.569955] AES CTR mode by8 optimization enabled
[   11.728721] input: ImExPS/2 Generic Explorer Mouse as /devices/platform/i8042/serio1/input/input4
[   11.881671] e1000 0000:00:03.0 eth0: (PCI:33MHz:32-bit) 02:17:54:81:c3:1e
[   11.900196] e1000 0000:00:03.0 eth0: Intel(R) PRO/1000 Network Connection
[   11.901712] mptbase: ioc0: Initiating bringup
[   11.968003] ioc0: LSI53C1030 A0: Capabilities={Initiator}
[   12.142504] scsi host2: ioc0: LSI53C1030 A0, FwRev=00000000h, Ports=1, MaxQ=256, IRQ=20
[   12.162447] tsc: Refined TSC clocksource calibration: 2208.015 MHz
[   12.166243] clocksource: tsc: mask: 0xffffffffffffffff max_cycles: 0x1fd3c673971, max_idle_ns: 440795290210 ns
[   12.871125] scsi 2:0:0:0: Direct-Access     VBOX     HARDDISK         1.0  PQ: 0 ANSI: 5
[   12.877929] scsi target2:0:0: Beginning Domain Validation
[   12.883692] scsi target2:0:0: Domain Validation skipping write tests
[   12.898510] scsi target2:0:0: Ending Domain Validation
[   12.901065] scsi target2:0:0: asynchronous
[   12.907573] scsi 2:0:1:0: Direct-Access     VBOX     HARDDISK         1.0  PQ: 0 ANSI: 5
[   12.911511] scsi target2:0:1: Beginning Domain Validation
[   12.914080] scsi target2:0:1: Domain Validation skipping write tests
[   12.915713] scsi target2:0:1: Ending Domain Validation
[   12.917109] scsi target2:0:1: asynchronous
[   12.940175] sd 2:0:0:0: Attached scsi generic sg0 type 0
[   12.942114] sd 2:0:0:0: [sda] 20971520 512-byte logical blocks: (10.7 GB/10.0 GiB)
[   12.944757] sd 2:0:1:0: [sdb] 20480 512-byte logical blocks: (10.5 MB/10.0 MiB)
[   12.946183] sd 2:0:1:0: Attached scsi generic sg1 type 0
[   12.952563] sd 2:0:1:0: [sdb] Write Protect is off
[   12.953245] sd 2:0:0:0: [sda] Write Protect is off
[   12.953937] sd 2:0:1:0: [sdb] Incomplete mode parameter data
[   12.954681] sd 2:0:1:0: [sdb] Assuming drive cache: write through
[   12.955557] sd 2:0:0:0: [sda] Incomplete mode parameter data
[   12.956319] sd 2:0:0:0: [sda] Assuming drive cache: write through
[   12.958315]  sda: sda1
[   12.973199] sd 2:0:1:0: [sdb] Attached SCSI disk
[   12.974089] sd 2:0:0:0: [sda] Attached SCSI disk
[   13.198665] e1000 0000:00:08.0 eth1: (PCI:33MHz:32-bit) 08:00:27:c5:ad:3d
[   13.220155] e1000 0000:00:08.0 eth1: Intel(R) PRO/1000 Network Connection
[   13.221706] e1000 0000:00:03.0 enp0s3: renamed from eth0
[   13.335841] e1000 0000:00:08.0 enp0s8: renamed from eth1
[   14.539761] floppy0: no floppy controllers found
Begin: Loading e[   16.316991] md: linear personality registered for level -1
ssential drivers ... [   16.436859] md: multipath personality registered for level -4
[   16.446349] md: raid0 personality registered for level 0
[   16.522189] md: raid1 personality registered for level 1
[   16.599365] raid6: sse2x1   gen() 12423 MB/s
[   16.731561] raid6: sse2x1   xor()  8366 MB/s
[   16.879241] raid6: sse2x2   gen() 15625 MB/s
[   17.007518] raid6: sse2x2   xor()  9349 MB/s
[   17.139248] raid6: sse2x4   gen() 16274 MB/s
[   17.269266] raid6: sse2x4   xor() 11321 MB/s
[   17.359279] raid6: avx2x1   gen() 24653 MB/s
[   17.459260] raid6: avx2x2   gen() 28190 MB/s
[   17.549158] raid6: avx2x4   gen() 23706 MB/s
[   17.569943] raid6: using algorithm avx2x2 gen() 28190 MB/s
[   17.583381] raid6: using avx2x2 recovery algorithm
[   17.671455] xor: automatically using best checksumming function:
[   17.723445]    avx       : 17161.000 MB/sec
[   17.758544] async_tx: api initialized (async)
[   17.779874] md: raid6 personality registered for level 6
[   17.805571] md: raid5 personality registered for level 5
[   17.807823] md: raid4 personality registered for level 4
[   17.826759] md: raid10 personality registered for level 10
done.
Begin: Running /scripts/init-premount ... done.
Begin: Mountin[   17.864535] Btrfs loaded
g root file system ... Begin: Running /scripts/local-top ... done.
Begin: Running /scripts/local-premount ... Scanning for Btrfs filesystems
done.
Warning: fsck no[   17.914252] EXT4-fs (sda1): INFO: recovery required on readonly filesystem
t present, so skipping root file system
[   17.929759] EXT4-fs (sda1): write access will be enabled during recovery
[   17.953398] EXT4-fs (sda1): orphan cleanup on readonly fs
[   18.006805] EXT4-fs (sda1): 5 orphan inodes deleted
[   18.009950] EXT4-fs (sda1): recovery complete
[   18.011023] EXT4-fs (sda1): mounted filesystem with ordered data mode. Opts: (null)
done.
Begin: Running /scripts/local-bottom ... done.
Begin: Running /scripts/init-bottom ... done.
[   18.175345] systemd[1]: systemd 229 running in system mode. (+PAM +AUDIT +SELINUX +IMA +APPARMOR +SMACK +SYSVINIT +UTMP +LIBCRYPTSETUP +GCRYPT +GNUTLS +ACL +XZ -LZ4 +SECCOMP +BLKID +ELFUTILS +KMOD -IDN)
[   18.212026] systemd[1]: Detected virtualization oracle.
[   18.213069] systemd[1]: Detected architecture x86-64.

Welcome to [1mUbuntu 16.04.4 LTS[0m!

[   18.219818] systemd[1]: Set hostname to <ubuntu-xenial>.
[   18.426048] systemd[1]: Reached target Encrypted Volumes.
[[0;32m  OK  [0m] Reached target Encrypted Volumes.
[   18.441938] systemd[1]: Listening on Journal Audit Socket.
[[0;32m  OK  [0m] Listening on Journal Audit Socket.
[   18.443469] systemd[1]: Created slice User and Session Slice.
[[0;32m  OK  [0m] Created slice User and Session Slice.
[   18.444875] systemd[1]: Listening on Device-mapper event daemon FIFOs.
[[0;32m  OK  [0m] Listening on Device-mapper event daemon FIFOs.
[   18.460588] systemd[1]: Set up automount Arbitrary Executable File Formats File System Automount Point.
[[0;32m  OK  [0m] Set up automount Arbitrary Executab...ats File System Automount Point.
[   18.462715] systemd[1]: Listening on /dev/initctl Compatibility Named Pipe.
[[0;32m  OK  [0m] Listening on /dev/initctl Compatibility Named Pipe.
[   18.464345] systemd[1]: Listening on udev Control Socket.
[[0;32m  OK  [0m] Listening on udev Control Socket.
[   18.470032] systemd[1]: Reached target Swap.
[[0;32m  OK  [0m] Reached target Swap.
[   18.471228] systemd[1]: Listening on Syslog Socket.
[[0;32m  OK  [0m] Listening on Syslog Socket.
[   18.474343] systemd[1]: Listening on LVM2 poll daemon socket.
[[0;32m  OK  [0m] Listening on LVM2 poll daemon socket.
[   18.476028] systemd[1]: Reached target User and Group Name Lookups.
[[0;32m  OK  [0m] Reached target User and Group Name Lookups.
[   18.477852] systemd[1]: Listening on LVM2 metadata daemon socket.
[[0;32m  OK  [0m] Listening on LVM2 metadata daemon socket.
[   18.480644] systemd[1]: Reached target System Time Synchronized.
[[0;32m  OK  [0m] Reached target System Time Synchronized.
[   18.482700] systemd[1]: Started Forward Password Requests to Wall Directory Watch.
[[0;32m  OK  [0m] Started Forward Password Requests to Wall Directory Watch.
[   18.486079] systemd[1]: Started Trigger resolvconf update for networkd DNS.
[[0;32m  OK  [0m] Started Trigger resolvconf update for networkd DNS.
[   18.488001] systemd[1]: Listening on udev Kernel Socket.
[[0;32m  OK  [0m] Listening on udev Kernel Socket.
[   18.493802] systemd[1]: Listening on Journal Socket.
[[0;32m  OK  [0m] Listening on Journal Socket.
[   18.495613] syseemd[1]: Created slice System Slice.
[[0;32m  OK  [0m] Created slice System Slice.
[   18.567557] systemd[1]: Mounting Huge Pages File System...
         Mounting Huge Pages File System...
[   18.593644] systemd[1]: Starting Monitoring of LVM2 mirrors, snapshots etc. using dmeventd or progress polling...
         Starting Monitoring of LVM2 mirrors... dmeventd or progress polling...
[   18.667526] systemd[1]: Mounting Debug File System...
         Mounting Debug File System...
[   18.692164] systemd[1]: Starting Set console keymap...
         Starting Set console keymap...
[   18.724949] systemd[1]: Starting Load Kernel Modules...
[   18.734898] Loading iSCSI transport class v2.0-870.
         Starting Load Kernel Modules...
[   18.737089] systemd[1]: Starting Nameserver information manager...
         Startin[   18.765681] iscsi: registered transport (tcp)
g Nameserver information manager...
[   18.771101] systemd[1]: Reached target Slices.
[[0;32m  OK  [[   18.781258] random: nonblocking pool is initialized
0m] Reached target Slices.
[   18.851062] systemd[1]: Starting Remount Root and Kernel File Systems...
         Startin[   18.860043] EXT4-fs (sda1): re-mounted. Opts: (null)
g Remount Root and Kernel File Systems...
[   18.873474] systemd[1]: Created slice system-serial\x2dgetty.slice.
[[0;32m  OK  [0m] Created slice system-serial\[   18.898925] iscsi: registered transport (iser)
x2dgetty.slice.
[   18.917297] systemd[1]: Starting Create list of required static devic  nodes for the current kernel...
         Starting Create list of required st... nodes for the current kernel...
[   19.221749] systemd[1]: Mounting POSIX Message Queue File System...
         Mounting POSIX Message Queue File System...
[   19.259534] systemd[1]: Starting Uncomplicated firewall...
         Starting Uncomplicated firewall...
[   19.423723] systemd[1]: Lstening on Journal Socke (/devlog).
[[0;32m  OK  [0m] Listening on Journal Socket (/dev/log).
[   19.747638] systemd[1]: Starting Journal Service...
         Starting Journal Service...
[   9.82349] systemd[1]: Mounted Huge Pages File System.
[[0;32m  OK  [0m] Mounted Huge Pages File System.
[   19.931746] systemd[1]: Mounted Debug File System.
[[0;32m  OK  [0m] Mounted Debug File System.
[   19.933114] systemd[1]: Mounted POSIX Message Queue File System.
[[0;32m  OK  [0m] Mounted POSIX Message Queue File System.
[   19.934709] systemd[1]: Started Journal Service.
[[0;32m  OK  [0m] Started Journal Service.
[[0;32m  OK  [0m] Started Set console keymap.
[[0;32m  OK  [0m] Started Load Kernel Modules.
[[0;32m  OK  [0m] Started Remount Root and Kernel File Systems.
[[0;32m  OK  [0m] Started Create list of required sta...ce nodes for the current kernel.
[[0;32m  OK  [0m] Started Uncomplicated firewall.
[[0;32m  OK  [0m] Started Nameserver information manager.
[[0;32m  OK  [0m] Started LVM2 metadata daemon.
         Starting Create Static Device Nodes in /dev...
         Starting Initial cloud-init job (pre-networking)...
         Starting udev Coldplug all Devices...
         Starting Load/Save Random Seed...
         Starting Apply Kernel Variables...
         Mounting FUSE Control File System...
         Starting Flush Journal to Persistent Storage...
[[0;32m  OK  [0m] Mounted FUSE Control File System.
[[0;32m  OK  [0m] Started Create Static Device Nodes in /dev.
[[0;32m  OK  [0m] Started Load/Save Random Seed.
[[0;32m  OK  [0m] Started Apply Kernel Variables.
[[0;32m  OK  [0m] Started udev Coldplug all Devices.
[[0;32m  OK  [0m] Started Flush Journal to Persistent Storage.
         Starting udev Kernel Device Manager...
[[0;32m  OK  [0m] Started udev Kernel Device Manager.
[[0;32m  OK  [0m] Started Dispatch Password Requests to Console Directory Watch.
[[0;32m  OK  [0m] Started Monitoring of LVM2 mirrors,...ng dmeventd or progress polling.
[[0;32m  OK  [0m] Found device /dev/ttyS0.
[[0;32m  OK  [0m] Reached target Local File Systems (Pre).
[[0;32m  OK  [0m] Reached target Local File Systems.
         Starting LSB: AppArmor initialization...
         Starting Set console font and keymap...
         Starting Create Volatile Files and Directories...
         Starting Tell Plymouth To Write Out Runtime Data...
[[0;32m  OK  [0m] Started Create Volatile Files and Directories.
[[0;32m  OK  [0m] Started Tell Plymouth To Write Out Runtime Data.
         Starting Update UTMP about System Boot/Shutdown...
[[0;32m  OK  [0m] Started LSB: AppArmor initialization.
[[0;32m  OK  [0m] Started Update UTMP about System Boot/Shutdown.
[[0;32m  OK  [0m] Found device 82540EM Gigabit Ethern...r (PRO/1000 MT Desktop Adapter).
[[0;32m  OK  [0m] Found device 82540EM Gigabit Ethern...r (PRO/1000 MT Desktop Adapter).
[   11.888574] cloud-init[447]: Cloud-init v. 18.2 running 'init-local' at Fri, 20 Apr 2018 09:12:08 +0000. Up 11.64 seconds.
[[0;32m  OK  [0m] Started Initial cloud-init job (pre-networking).
[[0;32m  OK  [0m] Started Set console font and keymap.
[[0;32m  OK  [0m] Created slice system-getty.slice.
[[0;32m  OK  [0m] Reached target Network (Pre).
[[0;32m  OK  [0m] Listening on Load/Save RF Kill Switch Status /dev/rfkill Watch.
[[0;32m  OK  [0m] Started ifup for enp0s3.
         Starting Raise network interfaces...
[[0;32m  OK  [0m] Started ifup for enp0s8.
[[0;32m  OK  [0m] Started Raise network interfaces.
[[0;32m  OK  [0m] Reached target Network.
         Starting Initial cloud-init job (metadata service crawler)...
[   15.011942] cloud-init[1053]: Cloud-init v. 18.2 running 'init' at Fri, 20 Apr 2018 09:12:11 +0000. Up 14.76 seconds.
[   15.104518] cloud-init[1053]: ci-info: ++++++++++++++++++++++++++++++++++++++Net device info++++++++++++++++++++++++++++++++++++++
[   15.109464] cloud-init[1053]: ci-info: +--------+------+-----------------------------+---------------+-------+-------------------+
[[0;32m  OK  [0m] Started Initial cloud-init job (metadata service crawler).
[   15.159434] cloud-init[1053]: ci-info: | Device |  Up  |           Address           |      Mask     | Scope |     Hw-Address    |
[   15.228682] cloud-init[1053]: ci-info: +--------+------+-----------------------------+---------------+-------+-------------------+
[[0;32m  OK  [0m] Reached target Network is Online.
[   15.235437] cloud-init[1053]: ci-info: | enp0s3 | True |          10.0.2.15          | 255.255.255.0 |   .   | 02:17:54:81:c3:1e |
[   15.252350] cloud-init[1053]: ci-info: | enp0s3 | True |  fe80::17:54ff:fe81:c31e/64 |       .       |  link | 02:17:54:81:c3:1e |
[   15.252865] cloud-init[1053]: ci-info: | enp0s8 | True |        192.168.33.10        | 255.255.255.0 |   .   | 08:00:27:c5:ad:3d |
         Starting iSCSI initiator daemon (iscsid)...
[[   15.253046] cloud-init[1053]: ci-info: | enp0s8 | True | fe80::a00:27ff:fec5:ad3d/64 |       .       |  link | 08:00:27:c5:ad:3d |
[   15.261893] cloud-init[1053]: ci-info: |   lo   | True |          127.0.0.1          |   255.0.0.0   |   .   |         .         |
[   15.262101] cloud-init[1053]: ci-info: |   lo   | True |           ::1/128           |       .       |  host |         .         |
[   15.262369] cloud-init[1053]: ci-info: +--------+------+-----------------------------+---------------+-------+-------------------+
[   15.262624] cloud-init[1053]: ci-info: ++++++++++++++++++++++++++++Route IPv4 info++++++++++++++++++++++++++++
[0;32m  OK  [0m] Reached target Cloud-config availability.
[[   15.262875] cloud-init[1053]: ci-info: +-------+--------------+----------+---------------+-----------+-------+
[   15.278792] cloud-init[1053]: ci-info: | Route | Destination  | Gateway  |    Genmask    | Interface | Flags |
[   15.278969] cloud-init[1053]: ci-info: +-------+--------------+----------+---------------+-----------+-------+
[   15.279062] cloud-init[1053]: ci-info: |   0   |   0.0.0.0    | 10.0.2.2 |    0.0.0.0    |   enp0s3  |   UG  |
[0;32m  OK  [0m] Reached target System Initialization.
[   15.279175] cloud-init[1053]: ci-info: |   1   |   10.0.2.0   | 0.0.0.0  | 255.255.255.0 |   enp0s3  |   U   |
[   15.348551] cloud-init[1053]: ci-info: |   2   | 192.168.33.0 | 0.0.0.0  | 255.255.255.0 |   enp0s8  |   U   |
[   15.348717] cloud-init[1053]: ci-info: +-------+--------------+----------+---------------+-----------+-------+
[[0;32m  OK  [0m] Started Daily Cleanup of Temporary Directories.
[[0;32m  OK  [0m] Started ACPI Events Check.
[[0;32m  OK  [0m] Reached target Paths.
[[0;32m  OK  [0m] Listening on D-Bus System Message Bus Socket.
[[0;32m  OK  [0m] Listening on UUID daemon activation socket.
         Starting LXD - unix socket.
[[0;32m  OK  [0m] Listening on ACPID Listen Socket.
[[0;32m  OK  [0m] Started Daily apt download activities.
[[0;32m  OK  [0m] Started Daily apt upgrade and clean activities.
[[0;32m  OK  [0m] Reached target Timers.
         Starting Socket activation for snappy daemon.
[[0;32m  OK  [0m] Listening on LXD - unix socket.
[[0;32m  OK  [0m] Listening on Socket activation for snappy daemon.
[[0;32m  OK  [0m] Reached target Sockets.
[[0;32m  OK  [0m] Reached target Basic System.
         Starting Login Service...
         Starting LSB: Record successful boot for GRUB...
         Starting /etc/rc.local Compatibility...
[[0;32m  OK  [0m] Started Regular background program processing daemon.
         Starting LXD - container startup/shutdown...
[[0;32m  OK  [0m] Started FUSE filesystem for LXC.
         Starting LSB: MD monitoring daemon...
[[0;32m  OK  [0m] Started D-Bus System Message Bus.
         Starting Apply the settings specified in cloud-config...
[[0;32m  OK  [0m] Started Unattended Upgrades Shutdown.
         Starting Accounts Service...
         Starting Snappy daemon...
         Starting System Logging Service...
         Starting OpenBSD Secure Shell server...
[[0;32m  OK  [0m] Started ACPI event daemon.
         Starting MySQL Community Server...
[[0;32m  OK  [0m] Started Deferred execution scheduler.
         Starting Virtualbox guest utils...
[[0;32m  OK  [0m] Started System Logging Service.
[[0;32m  OK  [0m] Started OpenBSD Secure Shell server.
[[0;32m  OK  [0m] Started iSCSI initiator daemon (iscsid).
[[0;32m  OK  [0m] Started /etc/rc.local Compatibility.
[[0;32m  OK  [0m] Started LXD - container startup/shutdown.
[[0;32m  OK  [0m] Started LSB: MD monitoring daemon.
[[0;32m  OK  [0m] Started LSB: Record successful boot for GRUB.
[[0;32m  OK  [0m] Started Login Service.
         Starting Authenticate and Authorize Users to Run Privileged Tasks...
         Starting Login to default iSCSI targets...
[[0;32m  OK  [0m] Started Snappy daemon.
[[0;32m  OK  [0m] Started Authenticate and Authorize Users to Run Privileged Tasks.
[[0;32m  OK  [0m] Started Accounts Service.
[[0;32m  OK  [0m] Started Virtualbox guest utils.
[   15.944567] cloud-init[1139]: Cloud-init v. 18.2 running 'modules:config' at Fri, 20 Apr 2018 09:12:12 +0000. Up 15.78 seconds.
[[0;32m  OK  [0m] Started Login to default iSCSI targets.
[[0;32m  OK  [0m] Started Apply the settings specified in cloud-config.
[[0;32m  OK  [0m] Reached target Remote File Systems (Pre).
[[0;32m  OK  [0m] Reached target Remote File Systems.
         Starting LSB: Set the CPU Frequency Scaling governor to "ondemand"...
         Starting LSB: daemon to balance interrupts for SMP systems...
         Starting LSB: Apache2 web server...
         Starting LSB: automatic crash report generation...
         Starting Permit User Sessions...
[[0;32m  OK  [0m] Started Permit User Sessions.
[[0;32m  OK  [0m] Started LSB: Set the CPU Frequency Scaling governor to "ondemand".
         Starting Hold until boot process finishes up...
         Starting Terminate Plymouth Boot Screen...
[[0;32m  OK  [0m] Started LSB: daemon to balance interrupts for SMP systems.
[[0;32m  OK  [0m] Started LSB: automatic crash report generation.
[[0;32m  OK  [0m] Started Hold until boot process finishes up.
[[0;32m  OK  [0m] Started Terminate Plymouth Boot Screen.
[[0;32m  OK  [0m] Started Serial Getty on ttyS0.
         Starting Set console scheme...
[[0;32m  OK  [0m] Started Getty on tty1.
[[0;32m  OK  [0m] Reached target Login Prompts.
[[0;32m  OK  [0m] Started Set console scheme.
[[0;32m  OK  [0m] Started MySQL Community Server.
[[0;32m  OK  [0m] Started LSB: Apache2 web server.
[[0;32m  OK  [0m] Reached target Multi-User System.
         Starting Execute cloud user/final scripts...
[[0;32m  OK  [0m] Reached target Graphical Interface.
         Starting Update UTMP about System Runlevel Changes...
[[0;32m  OK  [0m] Started Update UTMP about System Runlevel Changes.
[   17.582513] cloud-init[1404]: Cloud-init v. 18.2 running 'modules:final' at Fri, 20 Apr 2018 09:12:14 +0000. Up 17.47 seconds.
[   17.612709] cloud-init[1404]: Cloud-init v. 18.2 finished at Fri, 20 Apr 2018 09:12:14 +0000. Datasource DataSourceNoCloud [seed=/dev/sdb][dsmode=net].  Up 17.57 seconds
[[0;32m  OK  [0m] Started Execute cloud user/final scripts.
[[0;32m  OK  [0m] Reached target Cloud-init target.

Ubuntu 16.04.4 LTS ubuntu-xenial ttyS0

ubuntu-xenial login: 